<?xml version="1.0" encoding="UTF-8"?>
<!-- Generated by org.testng.reporters.JUnitReportReporter -->
<testsuite hostname="HIJ-LP320" failures="0" tests="2" name="swiggyTestPages.ParallelExecutionUsingTestngxml" time="7.245" errors="0" timestamp="2024-12-09T02:45:41 IST" skipped="0">
  <testcase classname="swiggyTestPages.ParallelExecutionUsingTestngxml" name="checkingParallelExecution" time="3.606"/>
  <system-out/>
  <testcase classname="swiggyTestPages.ParallelExecutionUsingTestngxml" name="checkingParallelExecution" time="3.639"/>
  <system-out/>
</testsuite> <!-- swiggyTestPages.ParallelExecutionUsingTestngxml -->
