<?xml version="1.0" encoding="UTF-8"?>
<!-- Generated by org.testng.reporters.JUnitReportReporter -->
<testsuite hostname="HIJ-LP320" failures="0" tests="2" name="swiggyTestPages.SwiggyRegistrationWithHardCodedDataProvider" time="2.344" errors="0" timestamp="2024-12-09T02:45:41 IST" skipped="0">
  <testcase classname="swiggyTestPages.SwiggyRegistrationWithHardCodedDataProvider" name="validateRegistration" time="0.795"/>
  <system-out/>
  <testcase classname="swiggyTestPages.SwiggyRegistrationWithHardCodedDataProvider" name="validateRegistration" time="1.549"/>
  <system-out/>
</testsuite> <!-- swiggyTestPages.SwiggyRegistrationWithHardCodedDataProvider -->
