<?xml version="1.0" encoding="UTF-8"?>
<!-- Generated by org.testng.reporters.JUnitReportReporter -->
<testsuite hostname="HIJ-LP320" failures="0" tests="2" name="swiggyTestPages.ValidateSignUpAndLoginUsingDependsOnMethod" time="0.000" errors="0" timestamp="2024-12-09T14:00:57 IST" skipped="2">
  <testcase classname="swiggyTestPages.ValidateSignUpAndLoginUsingDependsOnMethod" name="validateSingUp" time="0.000">
    <skipped/>
  </testcase> <!-- validateSingUp -->
  <system-out/>
  <testcase classname="swiggyTestPages.ValidateSignUpAndLoginUsingDependsOnMethod" name="validateLogin">
    <skipped/>
  </testcase> <!-- validateLogin -->
  <system-out/>
</testsuite> <!-- swiggyTestPages.ValidateSignUpAndLoginUsingDependsOnMethod -->
