<?xml version="1.0" encoding="UTF-8"?>
<!-- Generated by org.testng.reporters.JUnitReportReporter -->
<testsuite hostname="HIJ-LP320" failures="0" tests="2" name="swiggyTestPages.SwiggyRegistration" time="2.003" errors="0" timestamp="2024-12-09T01:58:02 IST" skipped="0">
  <testcase classname="swiggyTestPages.SwiggyRegistration" name="validateRegistration" time="1.267"/>
  <system-out/>
  <testcase classname="swiggyTestPages.SwiggyRegistration" name="validateRegistration" time="0.736"/>
  <system-out/>
</testsuite> <!-- swiggyTestPages.SwiggyRegistration -->
