<?xml version="1.0" encoding="UTF-8"?>
<!-- Generated by org.testng.reporters.JUnitReportReporter -->
<testsuite hostname="HIJ-LP320" failures="0" tests="1" name="swiggyTestPages.ReadingTestDataFromExcelUsingDataProvider" time="0.000" errors="0" timestamp="2024-12-09T12:33:25 IST" skipped="1">
  <testcase classname="swiggyTestPages.ReadingTestDataFromExcelUsingDataProvider" name="validateReadingDataFromExcel" time="0.000">
    <skipped/>
  </testcase> <!-- validateReadingDataFromExcel -->
  <system-out/>
</testsuite> <!-- swiggyTestPages.ReadingTestDataFromExcelUsingDataProvider -->
