<?xml version="1.0" encoding="UTF-8"?>
<!-- Generated by org.testng.reporters.JUnitReportReporter -->
<testsuite hostname="HIJ-LP320" failures="0" tests="1" name="swiggyTestPages.LoggerTestUsingLog4j2" time="1.889" errors="0" timestamp="2024-12-11T20:58:00 IST" skipped="0">
  <testcase classname="swiggyTestPages.LoggerTestUsingLog4j2" name="validatingLoggerUsingLog4j2" time="1.889"/>
  <system-out/>
</testsuite> <!-- swiggyTestPages.LoggerTestUsingLog4j2 -->
