<?xml version="1.0" encoding="UTF-8"?>
<!-- Generated by org.testng.reporters.JUnitReportReporter -->
<testsuite hostname="HIJ-LP320" failures="0" tests="1" name="srcStructureAutomationProject.PropertyFilesTest" time="2.268" errors="0" timestamp="2024-12-11T20:47:11 IST" skipped="0">
  <testcase classname="srcStructureAutomationProject.PropertyFilesTest" name="validatingPropertyReaderFunctionality" time="2.268"/>
  <system-out/>
</testsuite> <!-- srcStructureAutomationProject.PropertyFilesTest -->
