<?xml version="1.0" encoding="UTF-8"?>
<!-- Generated by org.testng.reporters.JUnitReportReporter -->
<testsuite hostname="HIJ-LP320" failures="0" tests="1" name="srcStructureAutomationProject.LoggerTest" time="3.405" errors="0" timestamp="2024-12-11T17:27:44 IST" skipped="0">
  <testcase classname="srcStructureAutomationProject.LoggerTest" name="validatingLogger" time="3.405"/>
  <system-out/>
</testsuite> <!-- srcStructureAutomationProject.LoggerTest -->
